java.lang.Exception: java.lang.Exception: Error while getting https://github.com/coursier/jvm-index/raw/master/index.json: coursier.cache.ArtifactError$DownloadError: download error: Caught java.io.IOException (Server returned HTTP response code: 429 for URL: https://github.com/coursier/jvm-index/raw/master/index.json) while downloading https://github.com/coursier/jvm-index/raw/master/index.json
  scala.build.options.JavaOptions.javaHomeLocationOpt$$anonfun$2$$anonfun$2$$anonfun$1(JavaOptions.scala:114)
  coursier.cache.CacheLogger.use(CacheLogger.scala:49)
  coursier.cache.CacheLogger.use$(CacheLogger.scala:47)
  coursier.cache.CacheLogger$$anon$1.use(CacheLogger.scala:68)
  scala.build.options.JavaOptions.javaHomeLocationOpt$$anonfun$2$$anonfun$2(JavaOptions.scala:117)
  scala.Option.map(Option.scala:242)
  scala.build.options.JavaOptions.javaHomeLocationOpt$$anonfun$2(JavaOptions.scala:92)
  scala.Option.orElse(Option.scala:477)
  scala.build.options.JavaOptions.javaHomeLocationOpt(JavaOptions.scala:119)
  scala.build.options.JavaOptions.javaHomeLocation(JavaOptions.scala:126)
  scala.build.options.BuildOptions.javaHomeLocation(BuildOptions.scala:245)
  scala.build.options.BuildOptions.javaCommand0$lzyINIT1(BuildOptions.scala:239)
  scala.build.options.BuildOptions.javaCommand0(BuildOptions.scala:239)
  scala.build.options.BuildOptions.javaHome(BuildOptions.scala:247)
  scala.cli.javaLauncher.JavaLauncherCli$.runAndExit(JavaLauncherCli.scala:40)
  scala.cli.ScalaCli$.main0(ScalaCli.scala:277)
  scala.cli.ScalaCli$.main(ScalaCli.scala:122)
  scala.cli.ScalaCli.main(ScalaCli.scala)
java.lang.Exception: Error while getting https://github.com/coursier/jvm-index/raw/master/index.json: coursier.cache.ArtifactError$DownloadError: download error: Caught java.io.IOException (Server returned HTTP response code: 429 for URL: https://github.com/coursier/jvm-index/raw/master/index.json) while downloading https://github.com/coursier/jvm-index/raw/master/index.json
  coursier.jvm.JvmIndex$.$anonfun$load$7(JvmIndex.scala:195)
  coursier.jvm.JvmIndex$.$anonfun$load$7$adapted(JvmIndex.scala:193)
  coursier.util.Task$.$anonfun$flatMap$extension$1(Task.scala:14)
  coursier.util.Task$.$anonfun$flatMap$extension$1$adapted(Task.scala:14)
  coursier.util.Task$.wrap(Task.scala:82)
  coursier.util.Task$.$anonfun$flatMap$2(Task.scala:14)
  scala.concurrent.impl.Promise$Transformation.run(Promise.scala:470)
  java.base/java.util.concurrent.ThreadPoolExecutor.runWorker(ThreadPoolExecutor.java:1128)
  java.base/java.util.concurrent.ThreadPoolExecutor$Worker.run(ThreadPoolExecutor.java:628)
  java.base/java.lang.Thread.run(Thread.java:829)
